<mxfile userAgent="Mozilla/5.0 (Windows NT 10.0; Win64; x64) AppleWebKit/537.36 (KHTML, like Gecko) draw.io/8.8.0 Chrome/61.0.3163.100 Electron/2.0.2 Safari/537.36" version="9.0.2" editor="www.draw.io" type="device"><diagram name="Page-1" id="c9db0220-8083-56f3-ca83-edcdcd058819">7V3bcqO6Ev2W/eDH7eJu+zG+ZPZUJZnUODnnMSWDYmsHEAGRy/n60xKXYEtOcGLAztipCkYIgXp1t7oXQu6Zk+DlR4yi1SX1sN8zNO+lZ057hqHrQws2vOQ1KxlYTlawjImXV3ormJP/4bxQy0tT4uFkrSKj1GckWi90aRhil62VoTimz+vV7qm/ftUILbFUMHeRX5T27bfy/xKPrbLyoeG8lf+DyXJVXFt3RtmRBXIfljFNw/yKPcO8F5/scICKtvKuJivk0edKkTnrmZOYUpZ9C14m2OfSLQRXnMdei7vtmeMVC3zY0eGrOHy+5WS9zsnQuxiHrHq5be2Z3sBBQ4TvLc92R7r+t55f4Qn5aXGFzUtWrlf2XoMdDyUr7OU7cCTi9YOXJdex/gIkkjD42o9jAfn4nvj+hPo0Fq0WUjbHca5PNm+FxfQBV2p54sNrcYjKq93TkOWn6Ua+XzlLEx8oRz5ZhlDmgnxwrBRYIQAcM/xSKcoF+APTALP4FarkR4dODmluLLqd7z+/KZ5p5mWritJZWl6IcnVflm2/QQZfctTqImhICJpwr4YmK16BUQHImxANSwGQxv8kUEIaYlniI/GB8ucVYXgeIZc3+wz4K4W+XQ9rw2CvgWDLEBgKCIxmIDAlCG5WabAIEeHn+WjB/e1+rQqF7ooLfw1Fp6LyPr5nbeKhrwNSOr4qJJrSKppAxJIQmcRwBUP7N00YhS31CGwmfNBDEVmk/Bhy+eCDXOKThPACEmZV8BInTJwO3xhsHlMU9GE7BWNwsxuBYz7hx8BA+MBBuIhpzJAYNdET8fg3xN4agW6mCW/lKvV9FBTNeMKq8p2QLFawSX0WE5fgRECyIm7q89ZSVr12vzEd2+6WVeq1oYFchQiM1Wd5MaPRhge3utRTp6aeDhvRU1vS03HKGNegZgbh6mBbhcCR/b85HY4n05r+vxzNm8fxtXJ0DbbhO94lxj5i5Gk9ilRBmV/vmpKQbVWav50NZaD39wm36Q1VKO/6k9rhHJB27OYDvgHkmtYJ5gM5lsBBBF3BfDhAAd47+Bn2aiuvuIQPAr8Nr5+APpBweSH2hEKp1GQ9qpeVZmfvbm3E5qbs3Q2Vdzca8e5DCcvb0KWAJmaYj9rXMQUJ7x9RhTlvN993UrN3MdU3EzGnK5AVCdiwvVBzJIE8Txf/cgROhlobw5JK6sRQi0YrGP4Dp+QJQs+wb+ez33fntxcXd1dnl7NekW6eTPazcCv8cnsma8ik188wgb5A2fw1YZjnYv9BMUGLBpzzblZc4BlnMllDT2sLPWf0sbXqar6lCfhkxksCqZA/pM0oXPLSjyVeJQ49wnEilIs+oSnv5IZYS+z1r/CR73K5u1OTBRlY4jSQzUxhZE2AJHNilzhJOJF/Ghbr+8lRp8OizKLlw6JyTPyrxx+3mHomivLrGcskwE/DVJBovAS5bpqgIC0LyBozp3kAB0kSEohTvNQloi4fkB9TTq4tfBR6hBHB1EUxwgmInaTcdz9RP40YYmLHwz4OoR6/JntMeRrl0jiGCqRojiaCdMPlvTymgu0LqI8TRjLm78XFEUtj3k4iMkV+Ll24CLtItO6mEYEbyjM1wQJGMX0iHi5qQ2+IT7J7SFKRbXKKEc70I1TtG+SWxCVI3D0MTFlVuBsf+oFQSIL81jPuL+FHfbSgseiw6IHokNi9T5eIs4wzXrxCWeEjf2IXiCw5r5XRnmVzohH8EmHeIwEHCCLkLlEwloKu9MkigxVGzAjEl92TK9pLAAKGQrqotgkmhgEz3kGQPi3rZxIJyUrw5SQQVy3B4V0noVAU3t+8lPc8QC+EJ8Qa5McuRvkp0BUci1LK9afQGhqE4l5y5RCEb5KkAdwREvdXrVSQsDGOQOOhimBq22VdjP3GgEXEoOZju/BupiKMUEaBDYWBMvl6CgN3CgMVo1OLYaDMjp7CQHUYOOouDJTpTHU6XYkcssOzy7OfF+pD179/nf+8mN1Nfl1eX8xuZlez+Vxd8+r28m5+O5lAhbub32fT2ZZ6bd/LfHZxMW+QRthUxGKIeX9IqTmeqAeQjVFmzS5a8U72hncyNXlSQDmQVPVeb2Z0kcnfMgHSbl6jrkeUo8qD7EGneZBM8c6CbG5Hz4DeatdpsmojOvzGjKCtiCXMUVuMYEFHnmIJCSZ9HSdHk2MJXQGT3QRKMm97A8oJ+SeKl/j0vOVdHO1D8qimTOGWz0K1uRtj3Moch2/lTzcB7tahyvTvyaFmiZdxQA5VJnjnOOTMmmBif4A0o5NXrR/EOIqZCC06VZnPuqF8eLxEIaQdgaCh9wumu8Luw4K+KMxL8q0ldDUdq5g2fU0Tkpt4QX3JUO8/ldyAdWDKJmrJqOpNMCimTHNdovgBM55sG9oUQ09ZE9h+xCWY3wzkUZcgyzTZFCdcUk0i/GdY70DvEliZBTonIQpdgvyT9e4RZLNLkFVTAKPIfz0hvEeE7Q4RtmR+aC6ekJ+I3B3T0m5DZKvG664FMNAUiRIs4bazSVXUoYn0dB8gOQcU8FoyN3SFn5Om3Kckz+3+U81H2MPxyB7IiJX4C2Tz+95EurVn99bwY4jVD8eagLgGO/RVeJFHaP621GeM9nDeN5eMs8tExZIZo9+Yv+Z6wPZpj89n2tHZpwJluzX7lJmk0zApW2KnmaUl80JT6vLpjAdsi7Pzs4llHpstqnAetGaLqhlUJ1uUbLFLAsBSzfXx+PztA7XD8t3+47JDBcbtxawyyXOyQ4UddknT2DJNc4NfGmPevmyGb/gflRkqIFatd9UMxDKDM0dPYk5luUxCy2jLM0m+4nQ7noc3VL3aqUo8Gpk2YsvczwSF7v6Xz/poUbodwF6bQd0FgoZeA8LWXq62ZW4HxkPMjsJEp2PbsCaHZqLOoAbAqoSkGYBlCqht6zz2JSPtoQxgi0tG2jK9c4RLRpZ6eIxLRtoye3PsS0bujsdBLRlpyzzLacnI77hk5Nf1tNMlI22Za/ozl4zcAcc/Z8lIW2apvtGSkYcOeStLRipWZdk7uMrw2xCfbda9HVIJLUU0XXuGvSLzUdITgz28L6FYIOLs8nryOWkrZm4p5fgxKlvC6PrD4weAZAq2PYq2+xuRtD7oy8G0XjjAvUduMkc0jnnc0RPr0nySXGgcnqbgGJlWf1AHD03rO0ZTmMikzwXlryf8Sj/Jvh8tHrpm2n2ze0RqTOEggfhdlXG+nZIAIDv3yQL+I+ajJCEIAofzMWGL1H3A7A5Apf3kabknWRVDWRFYKxZsUKxTspdX4eT8e45R7K76/cbWedo2nL7LZjniI6dINV473dB8y+B/WzR/yefL4bX6C/G3L6uQDEKCeuA0ZQqqGRSOXziHHl8Prui185jyX/IZ83ljLv+rFjlLvv1B/ypOhytnLWRH9q44XA7lHMaaTyDUE8Q/5KxxAjXKn0jS68Ke2dF22CWU33uU9MXwu3z8+5VwG3bffswpqx6Xv5llzv4P</diagram></mxfile>